[2020-08-03 19:38:57.356] [exthost] [info] extension host started
[2020-08-03 19:38:57.356] [exthost] [info] ExtensionService#_doActivateExtension vscode.debug-auto-launch {"startup":true,"extensionId":{"value":"vscode.debug-auto-launch","_lower":"vscode.debug-auto-launch"},"activationEvent":"*"}
[2020-08-03 19:38:57.356] [exthost] [info] ExtensionService#loadCommonJSModule file:///snap/code/39/usr/share/code/resources/app/extensions/debug-auto-launch/dist/extension
[2020-08-03 19:38:57.356] [exthost] [info] ExtensionService#_doActivateExtension vscode.emmet {"startup":true,"extensionId":{"value":"vscode.emmet","_lower":"vscode.emmet"},"activationEvent":"*"}
[2020-08-03 19:38:57.356] [exthost] [info] ExtensionService#loadCommonJSModule file:///snap/code/39/usr/share/code/resources/app/extensions/emmet/dist/extension
[2020-08-03 19:38:57.356] [exthost] [info] ExtensionService#_doActivateExtension vscode.git {"startup":true,"extensionId":{"value":"vscode.github","_lower":"vscode.github"},"activationEvent":"*"}
[2020-08-03 19:38:57.356] [exthost] [info] ExtensionService#loadCommonJSModule file:///snap/code/39/usr/share/code/resources/app/extensions/git/dist/main
[2020-08-03 19:38:57.356] [exthost] [info] ExtensionService#_doActivateExtension vscode.github-authentication {"startup":true,"extensionId":{"value":"vscode.github-authentication","_lower":"vscode.github-authentication"},"activationEvent":"*"}
[2020-08-03 19:38:57.356] [exthost] [info] ExtensionService#loadCommonJSModule file:///snap/code/39/usr/share/code/resources/app/extensions/github-authentication/dist/extension.js
[2020-08-03 19:38:57.356] [exthost] [info] ExtensionService#_doActivateExtension vscode.merge-conflict {"startup":true,"extensionId":{"value":"vscode.merge-conflict","_lower":"vscode.merge-conflict"},"activationEvent":"*"}
[2020-08-03 19:38:57.356] [exthost] [info] ExtensionService#loadCommonJSModule file:///snap/code/39/usr/share/code/resources/app/extensions/merge-conflict/dist/mergeConflictMain
[2020-08-03 19:38:57.356] [exthost] [info] ExtensionService#_doActivateExtension vscode.microsoft-authentication {"startup":true,"extensionId":{"value":"vscode.microsoft-authentication","_lower":"vscode.microsoft-authentication"},"activationEvent":"*"}
[2020-08-03 19:38:57.356] [exthost] [info] ExtensionService#loadCommonJSModule file:///snap/code/39/usr/share/code/resources/app/extensions/microsoft-authentication/dist/extension.js
[2020-08-03 19:38:57.356] [exthost] [info] ExtensionService#_doActivateExtension vscode.search-result {"startup":true,"extensionId":{"value":"vscode.search-result","_lower":"vscode.search-result"},"activationEvent":"*"}
[2020-08-03 19:38:57.356] [exthost] [info] ExtensionService#loadCommonJSModule file:///snap/code/39/usr/share/code/resources/app/extensions/search-result/dist/extension.js
[2020-08-03 19:38:58.880] [exthost] [info] ExtensionService#_doActivateExtension vscode.github {"startup":true,"extensionId":{"value":"vscode.github","_lower":"vscode.github"},"activationEvent":"*"}
[2020-08-03 19:38:58.881] [exthost] [info] ExtensionService#loadCommonJSModule file:///snap/code/39/usr/share/code/resources/app/extensions/github/dist/extension.js
[2020-08-03 19:38:58.972] [exthost] [info] eager extensions activated
[2020-08-03 19:40:17.418] [exthost] [info] extension host started
[2020-08-03 19:40:17.435] [exthost] [info] ExtensionService#_doActivateExtension vscode.debug-auto-launch {"startup":true,"extensionId":{"value":"vscode.debug-auto-launch","_lower":"vscode.debug-auto-launch"},"activationEvent":"*"}
[2020-08-03 19:40:17.436] [exthost] [info] ExtensionService#loadCommonJSModule file:///snap/code/39/usr/share/code/resources/app/extensions/debug-auto-launch/dist/extension
[2020-08-03 19:40:17.444] [exthost] [info] ExtensionService#_doActivateExtension vscode.emmet {"startup":true,"extensionId":{"value":"vscode.emmet","_lower":"vscode.emmet"},"activationEvent":"*"}
[2020-08-03 19:40:17.444] [exthost] [info] ExtensionService#loadCommonJSModule file:///snap/code/39/usr/share/code/resources/app/extensions/emmet/dist/extension
[2020-08-03 19:40:17.455] [exthost] [info] ExtensionService#_doActivateExtension vscode.git {"startup":true,"extensionId":{"value":"vscode.github","_lower":"vscode.github"},"activationEvent":"*"}
[2020-08-03 19:40:17.455] [exthost] [info] ExtensionService#loadCommonJSModule file:///snap/code/39/usr/share/code/resources/app/extensions/git/dist/main
[2020-08-03 19:40:17.470] [exthost] [info] ExtensionService#_doActivateExtension vscode.github-authentication {"startup":true,"extensionId":{"value":"vscode.github-authentication","_lower":"vscode.github-authentication"},"activationEvent":"*"}
[2020-08-03 19:40:17.471] [exthost] [info] ExtensionService#loadCommonJSModule file:///snap/code/39/usr/share/code/resources/app/extensions/github-authentication/dist/extension.js
[2020-08-03 19:40:17.476] [exthost] [info] ExtensionService#_doActivateExtension vscode.merge-conflict {"startup":true,"extensionId":{"value":"vscode.merge-conflict","_lower":"vscode.merge-conflict"},"activationEvent":"*"}
[2020-08-03 19:40:17.476] [exthost] [info] ExtensionService#loadCommonJSModule file:///snap/code/39/usr/share/code/resources/app/extensions/merge-conflict/dist/mergeConflictMain
[2020-08-03 19:40:17.478] [exthost] [info] ExtensionService#_doActivateExtension vscode.microsoft-authentication {"startup":true,"extensionId":{"value":"vscode.microsoft-authentication","_lower":"vscode.microsoft-authentication"},"activationEvent":"*"}
[2020-08-03 19:40:17.478] [exthost] [info] ExtensionService#loadCommonJSModule file:///snap/code/39/usr/share/code/resources/app/extensions/microsoft-authentication/dist/extension.js
[2020-08-03 19:40:17.482] [exthost] [info] ExtensionService#_doActivateExtension vscode.search-result {"startup":true,"extensionId":{"value":"vscode.search-result","_lower":"vscode.search-result"},"activationEvent":"*"}
[2020-08-03 19:40:17.482] [exthost] [info] ExtensionService#loadCommonJSModule file:///snap/code/39/usr/share/code/resources/app/extensions/search-result/dist/extension.js
[2020-08-03 19:40:17.485] [exthost] [info] ExtensionService#_doActivateExtension vscode.npm {"startup":true,"extensionId":{"value":"vscode.npm","_lower":"vscode.npm"},"activationEvent":"workspaceContains:package.json"}
[2020-08-03 19:40:17.485] [exthost] [info] ExtensionService#loadCommonJSModule file:///snap/code/39/usr/share/code/resources/app/extensions/npm/dist/npmMain
[2020-08-03 19:40:17.961] [exthost] [info] ExtensionService#_doActivateExtension vscode.github {"startup":true,"extensionId":{"value":"vscode.github","_lower":"vscode.github"},"activationEvent":"*"}
[2020-08-03 19:40:17.961] [exthost] [info] ExtensionService#loadCommonJSModule file:///snap/code/39/usr/share/code/resources/app/extensions/github/dist/extension.js
[2020-08-03 19:40:17.997] [exthost] [info] eager extensions activated
[2020-08-03 19:40:50.355] [exthost] [info] ExtensionService#_doActivateExtension vscode.typescript-language-features {"startup":false,"extensionId":{"value":"vscode.typescript-language-features","_lower":"vscode.typescript-language-features"},"activationEvent":"onLanguage:typescriptreact"}
[2020-08-03 19:40:50.355] [exthost] [info] ExtensionService#loadCommonJSModule file:///snap/code/39/usr/share/code/resources/app/extensions/typescript-language-features/dist/extension
[2020-08-03 19:41:01.123] [exthost] [info] ExtensionService#_doActivateExtension vscode.configuration-editing {"startup":false,"extensionId":{"value":"vscode.configuration-editing","_lower":"vscode.configuration-editing"},"activationEvent":"onLanguage:jsonc"}
[2020-08-03 19:41:01.123] [exthost] [info] ExtensionService#loadCommonJSModule file:///snap/code/39/usr/share/code/resources/app/extensions/configuration-editing/dist/configurationEditingMain
[2020-08-03 19:41:01.147] [exthost] [info] ExtensionService#_doActivateExtension vscode.json-language-features {"startup":false,"extensionId":{"value":"vscode.json-language-features","_lower":"vscode.json-language-features"},"activationEvent":"onLanguage:jsonc"}
[2020-08-03 19:41:01.147] [exthost] [info] ExtensionService#loadCommonJSModule file:///snap/code/39/usr/share/code/resources/app/extensions/json-language-features/client/dist/node/jsonClientMain
[2020-08-03 19:41:09.806] [exthost] [info] ExtensionService#_doActivateExtension vscode.extension-editing {"startup":false,"extensionId":{"value":"vscode.extension-editing","_lower":"vscode.extension-editing"},"activationEvent":"onLanguage:json"}
[2020-08-03 19:41:09.806] [exthost] [info] ExtensionService#loadCommonJSModule file:///snap/code/39/usr/share/code/resources/app/extensions/extension-editing/dist/extension
[2020-08-03 19:41:09.843] [exthost] [info] ExtensionService#_doActivateExtension ms-vscode.js-debug {"startup":false,"extensionId":{"value":"ms-vscode.js-debug","_lower":"ms-vscode.js-debug"},"activationEvent":"onLanguage:json"}
[2020-08-03 19:41:09.843] [exthost] [info] ExtensionService#loadCommonJSModule file:///snap/code/39/usr/share/code/resources/app/extensions/ms-vscode.js-debug/src/extension.js
[2020-08-03 19:41:15.277] [exthost] [info] ExtensionService#_doActivateExtension esbenp.prettier-vscode {"startup":false,"extensionId":{"value":"esbenp.prettier-vscode","_lower":"esbenp.prettier-vscode"},"activationEvent":"*"}
[2020-08-03 19:41:15.277] [exthost] [info] ExtensionService#loadCommonJSModule file:///root/.vscode/extensions/esbenp.prettier-vscode-5.1.3/dist/extension
[2020-08-03 19:41:44.351] [exthost] [info] ExtensionService#_doActivateExtension PKief.material-icon-theme {"startup":false,"extensionId":{"value":"PKief.material-icon-theme","_lower":"pkief.material-icon-theme"},"activationEvent":"*"}
[2020-08-03 19:41:44.352] [exthost] [info] ExtensionService#loadCommonJSModule file:///root/.vscode/extensions/pkief.material-icon-theme-4.2.0/dist/extension
[2020-08-03 19:42:11.684] [exthost] [info] ExtensionService#_doActivateExtension vscode.css-language-features {"startup":false,"extensionId":{"value":"vscode.css-language-features","_lower":"vscode.css-language-features"},"activationEvent":"onLanguage:css"}
[2020-08-03 19:42:11.684] [exthost] [info] ExtensionService#loadCommonJSModule file:///snap/code/39/usr/share/code/resources/app/extensions/css-language-features/client/dist/node/cssClientMain
[2020-08-03 19:42:17.015] [exthost] [info] ExtensionService#_doActivateExtension vscode.markdown-language-features {"startup":false,"extensionId":{"value":"vscode.markdown-language-features","_lower":"vscode.markdown-language-features"},"activationEvent":"onLanguage:markdown"}
[2020-08-03 19:42:17.015] [exthost] [info] ExtensionService#loadCommonJSModule file:///snap/code/39/usr/share/code/resources/app/extensions/markdown-language-features/dist/extension
[2020-08-03 19:42:17.912] [exthost] [error] [vscode.json-language-features] provider FAILED
[2020-08-03 19:42:17.914] [exthost] [error] Canceled: Canceled
	at _.makeCancelError (/snap/code/39/usr/share/code/resources/app/extensions/json-language-features/client/dist/node/jsonClientMain.js:1:60830)
	at _.handleFailedRequest (/snap/code/39/usr/share/code/resources/app/extensions/json-language-features/client/dist/node/jsonClientMain.js:1:60684)
	at /snap/code/39/usr/share/code/resources/app/extensions/json-language-features/client/dist/node/jsonClientMain.js:1:229874
[2020-08-03 19:48:22.003] [exthost] [info] ExtensionService#_doActivateExtension vscode.html-language-features {"startup":false,"extensionId":{"value":"vscode.html-language-features","_lower":"vscode.html-language-features"},"activationEvent":"onLanguage:html"}
[2020-08-03 19:48:22.058] [exthost] [info] ExtensionService#loadCommonJSModule file:///snap/code/39/usr/share/code/resources/app/extensions/html-language-features/client/dist/node/htmlClientMain
[2020-08-03 19:53:54.916] [exthost] [info] ExtensionService#_doActivateExtension vscode.image-preview {"startup":false,"extensionId":{"value":"vscode.image-preview","_lower":"vscode.image-preview"},"activationEvent":"onCustomEditor:imagePreview.previewEditor"}
[2020-08-03 19:53:54.916] [exthost] [info] ExtensionService#loadCommonJSModule file:///snap/code/39/usr/share/code/resources/app/extensions/image-preview/dist/extension
