[2020-08-03 19:38:51.475] [sharedprocess] [info] main {"machineId":"e62e40d3d6e89052cf5e6229d0060595aaf2e9564d003d396e7f6f8df3146d72","windowId":2}
[2020-08-03 19:38:51.681] [sharedprocess] [error] [File Watcher (node.js)] Error: ENOENT: no such file or directory, stat '/home/juan/www/NLW2/web/~/.vscode-root/User/snippets'
[2020-08-03 19:39:31.499] [sharedprocess] [info] Starting to clean up unused language packs.
[2020-08-03 19:41:11.511] [sharedprocess] [info] Installing extension: esbenp.prettier-vscode
[2020-08-03 19:41:14.899] [sharedprocess] [info] Downloaded extension: esbenp.prettier-vscode /home/juan/www/NLW2/web/~/.vscode-root/CachedExtensionVSIXs/esbenp.prettier-vscode-5.1.3
[2020-08-03 19:41:15.118] [sharedprocess] [info] Extracted extension to /root/.vscode/extensions/.esbenp.prettier-vscode-5.1.3: esbenp.prettier-vscode
[2020-08-03 19:41:15.118] [sharedprocess] [info] Renamed to /root/.vscode/extensions/esbenp.prettier-vscode-5.1.3
[2020-08-03 19:41:15.120] [sharedprocess] [info] Installation completed. esbenp.prettier-vscode
[2020-08-03 19:41:15.173] [sharedprocess] [info] Extensions installed successfully: esbenp.prettier-vscode
[2020-08-03 19:41:22.086] [sharedprocess] [info] Installing extension: dracula-theme.theme-dracula
[2020-08-03 19:41:22.930] [sharedprocess] [info] Downloaded extension: dracula-theme.theme-dracula /home/juan/www/NLW2/web/~/.vscode-root/CachedExtensionVSIXs/dracula-theme.theme-dracula-2.22.1
[2020-08-03 19:41:22.960] [sharedprocess] [info] Extracted extension to /root/.vscode/extensions/.dracula-theme.theme-dracula-2.22.1: dracula-theme.theme-dracula
[2020-08-03 19:41:22.960] [sharedprocess] [info] Renamed to /root/.vscode/extensions/dracula-theme.theme-dracula-2.22.1
[2020-08-03 19:41:22.960] [sharedprocess] [info] Installation completed. dracula-theme.theme-dracula
[2020-08-03 19:41:23.001] [sharedprocess] [info] Extensions installed successfully: dracula-theme.theme-dracula
[2020-08-03 19:41:40.860] [sharedprocess] [info] Installing extension: pkief.material-icon-theme
[2020-08-03 19:41:43.524] [sharedprocess] [info] Downloaded extension: pkief.material-icon-theme /home/juan/www/NLW2/web/~/.vscode-root/CachedExtensionVSIXs/pkief.material-icon-theme-4.2.0
[2020-08-03 19:41:44.227] [sharedprocess] [info] Extracted extension to /root/.vscode/extensions/.pkief.material-icon-theme-4.2.0: pkief.material-icon-theme
[2020-08-03 19:41:44.227] [sharedprocess] [info] Renamed to /root/.vscode/extensions/pkief.material-icon-theme-4.2.0
[2020-08-03 19:41:44.228] [sharedprocess] [info] Installation completed. pkief.material-icon-theme
[2020-08-03 19:41:44.278] [sharedprocess] [info] Extensions installed successfully: pkief.material-icon-theme
